2022-02-16 13:15:39.685  INFO [service-auth,,] 8580 --- [main] o.s.b.context.config.ConfigDataLoader    : Fetching config from server at : http://192.168.1.107:8888
2022-02-16 13:15:39.697  INFO [service-auth,,] 8580 --- [main] o.s.b.context.config.ConfigDataLoader    : Located environment: name=service-auth, profiles=[default], label=null, version=null, state=null
2022-02-16 13:15:47.878  INFO [service-auth,,] 8580 --- [main] o.s.b.w.embedded.tomcat.TomcatWebServer  : Tomcat initialized with port(s): 8091 (http)
2022-02-16 13:15:48.499  INFO [service-auth,,] 8580 --- [main] w.s.c.ServletWebServerApplicationContext : Root WebApplicationContext: initialization completed in 8795 ms
2022-02-16 13:15:56.845  WARN [service-auth,,] 8580 --- [main] JpaBaseConfiguration$JpaWebConfiguration : spring.jpa.open-in-view is enabled by default. Therefore, database queries may be performed during view rendering. Explicitly configure spring.jpa.open-in-view to disable this warning
2022-02-16 13:16:06.620  INFO [service-auth,,] 8580 --- [main] o.s.b.w.embedded.tomcat.TomcatWebServer  : Tomcat started on port(s): 8091 (http) with context path ''
2022-02-16 13:21:03.739  INFO [service-auth,,] 15992 --- [main] o.s.b.context.config.ConfigDataLoader    : Fetching config from server at : http://192.168.1.107:8888
2022-02-16 13:21:03.747  INFO [service-auth,,] 15992 --- [main] o.s.b.context.config.ConfigDataLoader    : Located environment: name=service-auth, profiles=[default], label=null, version=null, state=null
2022-02-16 13:21:14.251  INFO [service-auth,,] 15992 --- [main] o.s.b.w.embedded.tomcat.TomcatWebServer  : Tomcat initialized with port(s): 8091 (http)
2022-02-16 13:21:15.244  INFO [service-auth,,] 15992 --- [main] w.s.c.ServletWebServerApplicationContext : Root WebApplicationContext: initialization completed in 11493 ms
2022-02-16 13:21:25.688  WARN [service-auth,,] 15992 --- [main] JpaBaseConfiguration$JpaWebConfiguration : spring.jpa.open-in-view is enabled by default. Therefore, database queries may be performed during view rendering. Explicitly configure spring.jpa.open-in-view to disable this warning
2022-02-16 13:21:35.659  INFO [service-auth,,] 15992 --- [main] o.s.b.w.embedded.tomcat.TomcatWebServer  : Tomcat started on port(s): 8091 (http) with context path ''
2022-02-16 13:39:44.956  INFO [service-auth,,] 24128 --- [main] o.s.b.context.config.ConfigDataLoader    : Fetching config from server at : http://192.168.1.107:8888
2022-02-16 13:39:44.961  INFO [service-auth,,] 24128 --- [main] o.s.b.context.config.ConfigDataLoader    : Located environment: name=service-auth, profiles=[default], label=null, version=null, state=null
2022-02-16 13:39:49.387  INFO [service-auth,,] 24128 --- [main] o.s.b.w.embedded.tomcat.TomcatWebServer  : Tomcat initialized with port(s): 8091 (http)
2022-02-16 13:39:49.604  INFO [service-auth,,] 24128 --- [main] w.s.c.ServletWebServerApplicationContext : Root WebApplicationContext: initialization completed in 4640 ms
2022-02-16 13:39:57.537  WARN [service-auth,,] 24128 --- [main] JpaBaseConfiguration$JpaWebConfiguration : spring.jpa.open-in-view is enabled by default. Therefore, database queries may be performed during view rendering. Explicitly configure spring.jpa.open-in-view to disable this warning
2022-02-16 13:40:05.792  INFO [service-auth,,] 24128 --- [main] o.s.b.w.embedded.tomcat.TomcatWebServer  : Tomcat started on port(s): 8091 (http) with context path ''
2022-02-16 13:44:49.280  INFO [service-auth,,] 10900 --- [main] o.s.b.context.config.ConfigDataLoader    : Fetching config from server at : http://192.168.1.107:8888
2022-02-16 13:44:49.288  INFO [service-auth,,] 10900 --- [main] o.s.b.context.config.ConfigDataLoader    : Located environment: name=service-auth, profiles=[default], label=null, version=null, state=null
2022-02-16 13:44:57.890  INFO [service-auth,,] 10900 --- [main] o.s.b.w.embedded.tomcat.TomcatWebServer  : Tomcat initialized with port(s): 8091 (http)
2022-02-16 13:44:58.480  INFO [service-auth,,] 10900 --- [main] w.s.c.ServletWebServerApplicationContext : Root WebApplicationContext: initialization completed in 9187 ms
2022-02-16 13:45:06.021  WARN [service-auth,,] 10900 --- [main] JpaBaseConfiguration$JpaWebConfiguration : spring.jpa.open-in-view is enabled by default. Therefore, database queries may be performed during view rendering. Explicitly configure spring.jpa.open-in-view to disable this warning
2022-02-16 13:45:14.847  INFO [service-auth,,] 10900 --- [main] o.s.b.w.embedded.tomcat.TomcatWebServer  : Tomcat started on port(s): 8091 (http) with context path ''
2022-02-16 14:03:16.118  INFO [service-auth,,] 27012 --- [main] o.s.b.context.config.ConfigDataLoader    : Fetching config from server at : http://192.168.1.107:8888
2022-02-16 14:03:16.127  INFO [service-auth,,] 27012 --- [main] o.s.b.context.config.ConfigDataLoader    : Located environment: name=service-auth, profiles=[default], label=null, version=null, state=null
2022-02-16 14:03:23.594  INFO [service-auth,,] 27012 --- [main] o.s.b.w.embedded.tomcat.TomcatWebServer  : Tomcat initialized with port(s): 8091 (http)
2022-02-16 14:03:24.867  INFO [service-auth,,] 27012 --- [main] w.s.c.ServletWebServerApplicationContext : Root WebApplicationContext: initialization completed in 8736 ms
2022-02-16 14:03:39.299  WARN [service-auth,,] 27012 --- [main] JpaBaseConfiguration$JpaWebConfiguration : spring.jpa.open-in-view is enabled by default. Therefore, database queries may be performed during view rendering. Explicitly configure spring.jpa.open-in-view to disable this warning
2022-02-16 14:03:45.030  INFO [service-auth,,] 27012 --- [main] o.s.b.w.embedded.tomcat.TomcatWebServer  : Tomcat started on port(s): 8091 (http) with context path ''
2022-02-16 14:14:22.975  INFO [service-auth,,] 27972 --- [main] o.s.b.context.config.ConfigDataLoader    : Fetching config from server at : http://192.168.1.107:8888
2022-02-16 14:14:22.980  INFO [service-auth,,] 27972 --- [main] o.s.b.context.config.ConfigDataLoader    : Located environment: name=service-auth, profiles=[default], label=null, version=null, state=null
2022-02-16 14:14:29.212  INFO [service-auth,,] 27972 --- [main] o.s.b.w.embedded.tomcat.TomcatWebServer  : Tomcat initialized with port(s): 8091 (http)
2022-02-16 14:14:29.617  INFO [service-auth,,] 27972 --- [main] w.s.c.ServletWebServerApplicationContext : Root WebApplicationContext: initialization completed in 6633 ms
2022-02-16 14:14:38.500  WARN [service-auth,,] 27972 --- [main] JpaBaseConfiguration$JpaWebConfiguration : spring.jpa.open-in-view is enabled by default. Therefore, database queries may be performed during view rendering. Explicitly configure spring.jpa.open-in-view to disable this warning
2022-02-16 14:14:45.210  INFO [service-auth,,] 27972 --- [main] o.s.b.w.embedded.tomcat.TomcatWebServer  : Tomcat started on port(s): 8091 (http) with context path ''
2022-02-16 14:17:11.182  INFO [service-auth,,] 25960 --- [main] o.s.b.context.config.ConfigDataLoader    : Fetching config from server at : http://192.168.1.107:8888
2022-02-16 14:17:11.185  INFO [service-auth,,] 25960 --- [main] o.s.b.context.config.ConfigDataLoader    : Located environment: name=service-auth, profiles=[default], label=null, version=null, state=null
2022-02-16 14:17:15.796  INFO [service-auth,,] 25960 --- [main] o.s.b.w.embedded.tomcat.TomcatWebServer  : Tomcat initialized with port(s): 8091 (http)
2022-02-16 14:17:16.065  INFO [service-auth,,] 25960 --- [main] w.s.c.ServletWebServerApplicationContext : Root WebApplicationContext: initialization completed in 4878 ms
2022-02-16 14:17:23.159  WARN [service-auth,,] 25960 --- [main] JpaBaseConfiguration$JpaWebConfiguration : spring.jpa.open-in-view is enabled by default. Therefore, database queries may be performed during view rendering. Explicitly configure spring.jpa.open-in-view to disable this warning
2022-02-16 14:17:30.409  INFO [service-auth,,] 25960 --- [main] o.s.b.w.embedded.tomcat.TomcatWebServer  : Tomcat started on port(s): 8091 (http) with context path ''
2022-02-16 14:21:36.812  INFO [service-auth,,] 15600 --- [main] o.s.b.context.config.ConfigDataLoader    : Fetching config from server at : http://192.168.1.107:8888
2022-02-16 14:21:36.824  INFO [service-auth,,] 15600 --- [main] o.s.b.context.config.ConfigDataLoader    : Located environment: name=service-auth, profiles=[default], label=null, version=null, state=null
2022-02-16 14:21:43.636  INFO [service-auth,,] 15600 --- [main] o.s.b.w.embedded.tomcat.TomcatWebServer  : Tomcat initialized with port(s): 8091 (http)
2022-02-16 14:21:44.154  INFO [service-auth,,] 15600 --- [main] w.s.c.ServletWebServerApplicationContext : Root WebApplicationContext: initialization completed in 7323 ms
2022-02-16 14:21:57.333  WARN [service-auth,,] 15600 --- [main] JpaBaseConfiguration$JpaWebConfiguration : spring.jpa.open-in-view is enabled by default. Therefore, database queries may be performed during view rendering. Explicitly configure spring.jpa.open-in-view to disable this warning
2022-02-16 14:22:04.831  INFO [service-auth,,] 15600 --- [main] o.s.b.w.embedded.tomcat.TomcatWebServer  : Tomcat started on port(s): 8091 (http) with context path ''
2022-02-16 14:43:30.612  INFO [service-auth,,] 16992 --- [main] o.s.b.context.config.ConfigDataLoader    : Fetching config from server at : http://192.168.1.107:8888
2022-02-16 14:43:30.615  INFO [service-auth,,] 16992 --- [main] o.s.b.context.config.ConfigDataLoader    : Located environment: name=service-auth, profiles=[default], label=null, version=null, state=null
2022-02-16 14:43:36.667  INFO [service-auth,,] 16992 --- [main] o.s.b.w.embedded.tomcat.TomcatWebServer  : Tomcat initialized with port(s): 8091 (http)
2022-02-16 14:43:37.349  INFO [service-auth,,] 16992 --- [main] w.s.c.ServletWebServerApplicationContext : Root WebApplicationContext: initialization completed in 6731 ms
2022-02-16 14:43:43.690  WARN [service-auth,,] 16992 --- [main] JpaBaseConfiguration$JpaWebConfiguration : spring.jpa.open-in-view is enabled by default. Therefore, database queries may be performed during view rendering. Explicitly configure spring.jpa.open-in-view to disable this warning
2022-02-16 14:43:49.180  INFO [service-auth,,] 16992 --- [main] o.s.b.w.embedded.tomcat.TomcatWebServer  : Tomcat started on port(s): 8091 (http) with context path ''
2022-02-16 15:04:05.525  INFO [service-auth,,] 13288 --- [main] o.s.b.context.config.ConfigDataLoader    : Fetching config from server at : http://192.168.1.107:8888
2022-02-16 15:04:05.540  INFO [service-auth,,] 13288 --- [main] o.s.b.context.config.ConfigDataLoader    : Located environment: name=service-auth, profiles=[default], label=null, version=null, state=null
2022-02-16 15:04:18.680  INFO [service-auth,,] 13288 --- [main] o.s.b.w.embedded.tomcat.TomcatWebServer  : Tomcat initialized with port(s): 8091 (http)
2022-02-16 15:04:20.403  INFO [service-auth,,] 13288 --- [main] w.s.c.ServletWebServerApplicationContext : Root WebApplicationContext: initialization completed in 14823 ms
2022-02-16 15:04:30.230  WARN [service-auth,,] 13288 --- [main] JpaBaseConfiguration$JpaWebConfiguration : spring.jpa.open-in-view is enabled by default. Therefore, database queries may be performed during view rendering. Explicitly configure spring.jpa.open-in-view to disable this warning
2022-02-16 15:04:35.327  INFO [service-auth,,] 13288 --- [main] o.s.b.w.embedded.tomcat.TomcatWebServer  : Tomcat started on port(s): 8091 (http) with context path ''
2022-02-16 15:15:16.347  INFO [service-auth,,] 10556 --- [main] o.s.b.context.config.ConfigDataLoader    : Fetching config from server at : http://192.168.1.107:8888
2022-02-16 15:15:16.367  INFO [service-auth,,] 10556 --- [main] o.s.b.context.config.ConfigDataLoader    : Located environment: name=service-auth, profiles=[default], label=null, version=null, state=null
2022-02-16 15:15:28.347  INFO [service-auth,,] 10556 --- [main] o.s.b.w.embedded.tomcat.TomcatWebServer  : Tomcat initialized with port(s): 8091 (http)
2022-02-16 15:15:29.490  INFO [service-auth,,] 10556 --- [main] w.s.c.ServletWebServerApplicationContext : Root WebApplicationContext: initialization completed in 13108 ms
2022-02-16 15:15:43.034  WARN [service-auth,,] 10556 --- [main] JpaBaseConfiguration$JpaWebConfiguration : spring.jpa.open-in-view is enabled by default. Therefore, database queries may be performed during view rendering. Explicitly configure spring.jpa.open-in-view to disable this warning
2022-02-16 15:15:54.374  INFO [service-auth,,] 10556 --- [main] o.s.b.w.embedded.tomcat.TomcatWebServer  : Tomcat started on port(s): 8091 (http) with context path ''
2022-02-16 15:22:14.951  INFO [service-auth,,] 10012 --- [main] o.s.b.context.config.ConfigDataLoader    : Fetching config from server at : http://192.168.1.107:8888
2022-02-16 15:22:14.954  INFO [service-auth,,] 10012 --- [main] o.s.b.context.config.ConfigDataLoader    : Located environment: name=service-auth, profiles=[default], label=null, version=null, state=null
2022-02-16 15:22:26.942  INFO [service-auth,,] 10012 --- [main] o.s.b.w.embedded.tomcat.TomcatWebServer  : Tomcat initialized with port(s): 8091 (http)
2022-02-16 15:22:28.355  INFO [service-auth,,] 10012 --- [main] w.s.c.ServletWebServerApplicationContext : Root WebApplicationContext: initialization completed in 13399 ms
2022-02-16 15:22:38.908  WARN [service-auth,,] 10012 --- [main] JpaBaseConfiguration$JpaWebConfiguration : spring.jpa.open-in-view is enabled by default. Therefore, database queries may be performed during view rendering. Explicitly configure spring.jpa.open-in-view to disable this warning
2022-02-16 15:22:42.761  INFO [service-auth,,] 10012 --- [main] o.s.b.w.embedded.tomcat.TomcatWebServer  : Tomcat started on port(s): 8091 (http) with context path ''
2022-02-16 15:23:16.000 ERROR [service-auth,2634bd59095fca3d,2634bd59095fca3d] 10012 --- [http-nio-8091-exec-4] o.a.c.c.C.[.[.[/].[dispatcherServlet]    : Servlet.service() for servlet [dispatcherServlet] in context with path [] threw exception [Request processing failed; nested exception is java.lang.IllegalArgumentException: SimpleMessageConverter only supports String, byte[] and Serializable payloads, received: com.aliergul.auth.rabbitmq.model.ConsumentDTO] with root cause

java.lang.IllegalArgumentException: SimpleMessageConverter only supports String, byte[] and Serializable payloads, received: com.aliergul.auth.rabbitmq.model.ConsumentDTO
	at org.springframework.amqp.support.converter.SimpleMessageConverter.createMessage(SimpleMessageConverter.java:164) ~[spring-amqp-2.4.2.jar:2.4.2]
	at org.springframework.amqp.support.converter.AbstractMessageConverter.createMessage(AbstractMessageConverter.java:88) ~[spring-amqp-2.4.2.jar:2.4.2]
	at org.springframework.amqp.support.converter.AbstractMessageConverter.toMessage(AbstractMessageConverter.java:70) ~[spring-amqp-2.4.2.jar:2.4.2]
	at org.springframework.amqp.support.converter.AbstractMessageConverter.toMessage(AbstractMessageConverter.java:58) ~[spring-amqp-2.4.2.jar:2.4.2]
	at org.springframework.amqp.rabbit.core.RabbitTemplate.convertMessageIfNecessary(RabbitTemplate.java:1825) ~[spring-rabbit-2.4.2.jar:2.4.2]
	at org.springframework.amqp.rabbit.core.RabbitTemplate.convertAndSend(RabbitTemplate.java:1140) ~[spring-rabbit-2.4.2.jar:2.4.2]
	at org.springframework.amqp.rabbit.core.RabbitTemplate.convertAndSend(RabbitTemplate.java:1133) ~[spring-rabbit-2.4.2.jar:2.4.2]
	at com.aliergul.auth.rabbitmq.producer.UserServiceProducer.sendMessage(UserServiceProducer.java:26) ~[main/:na]
	at com.aliergul.auth.controller.UserController.sendMessage(UserController.java:34) ~[main/:na]
	at java.base/jdk.internal.reflect.NativeMethodAccessorImpl.invoke0(Native Method) ~[na:na]
	at java.base/jdk.internal.reflect.NativeMethodAccessorImpl.invoke(NativeMethodAccessorImpl.java:77) ~[na:na]
	at java.base/jdk.internal.reflect.DelegatingMethodAccessorImpl.invoke(DelegatingMethodAccessorImpl.java:43) ~[na:na]
	at java.base/java.lang.reflect.Method.invoke(Method.java:568) ~[na:na]
	at org.springframework.web.method.support.InvocableHandlerMethod.doInvoke(InvocableHandlerMethod.java:205) ~[spring-web-5.3.15.jar:5.3.15]
	at org.springframework.web.method.support.InvocableHandlerMethod.invokeForRequest(InvocableHandlerMethod.java:150) ~[spring-web-5.3.15.jar:5.3.15]
	at org.springframework.web.servlet.mvc.method.annotation.ServletInvocableHandlerMethod.invokeAndHandle(ServletInvocableHandlerMethod.java:117) ~[spring-webmvc-5.3.15.jar:5.3.15]
	at org.springframework.web.servlet.mvc.method.annotation.RequestMappingHandlerAdapter.invokeHandlerMethod(RequestMappingHandlerAdapter.java:895) ~[spring-webmvc-5.3.15.jar:5.3.15]
	at org.springframework.web.servlet.mvc.method.annotation.RequestMappingHandlerAdapter.handleInternal(RequestMappingHandlerAdapter.java:808) ~[spring-webmvc-5.3.15.jar:5.3.15]
	at org.springframework.web.servlet.mvc.method.AbstractHandlerMethodAdapter.handle(AbstractHandlerMethodAdapter.java:87) ~[spring-webmvc-5.3.15.jar:5.3.15]
	at org.springframework.web.servlet.DispatcherServlet.doDispatch(DispatcherServlet.java:1067) ~[spring-webmvc-5.3.15.jar:5.3.15]
	at org.springframework.web.servlet.DispatcherServlet.doService(DispatcherServlet.java:963) ~[spring-webmvc-5.3.15.jar:5.3.15]
	at org.springframework.web.servlet.FrameworkServlet.processRequest(FrameworkServlet.java:1006) ~[spring-webmvc-5.3.15.jar:5.3.15]
	at org.springframework.web.servlet.FrameworkServlet.doPost(FrameworkServlet.java:909) ~[spring-webmvc-5.3.15.jar:5.3.15]
	at javax.servlet.http.HttpServlet.service(HttpServlet.java:681) ~[tomcat-embed-core-9.0.56.jar:4.0.FR]
	at org.springframework.web.servlet.FrameworkServlet.service(FrameworkServlet.java:883) ~[spring-webmvc-5.3.15.jar:5.3.15]
	at javax.servlet.http.HttpServlet.service(HttpServlet.java:764) ~[tomcat-embed-core-9.0.56.jar:4.0.FR]
	at org.apache.catalina.core.ApplicationFilterChain.internalDoFilter(ApplicationFilterChain.java:227) ~[tomcat-embed-core-9.0.56.jar:9.0.56]
	at org.apache.catalina.core.ApplicationFilterChain.doFilter(ApplicationFilterChain.java:162) ~[tomcat-embed-core-9.0.56.jar:9.0.56]
	at org.apache.tomcat.websocket.server.WsFilter.doFilter(WsFilter.java:53) ~[tomcat-embed-websocket-9.0.56.jar:9.0.56]
	at org.apache.catalina.core.ApplicationFilterChain.internalDoFilter(ApplicationFilterChain.java:189) ~[tomcat-embed-core-9.0.56.jar:9.0.56]
	at org.apache.catalina.core.ApplicationFilterChain.doFilter(ApplicationFilterChain.java:162) ~[tomcat-embed-core-9.0.56.jar:9.0.56]
	at org.springframework.web.filter.RequestContextFilter.doFilterInternal(RequestContextFilter.java:100) ~[spring-web-5.3.15.jar:5.3.15]
	at org.springframework.web.filter.OncePerRequestFilter.doFilter(OncePerRequestFilter.java:117) ~[spring-web-5.3.15.jar:5.3.15]
	at org.apache.catalina.core.ApplicationFilterChain.internalDoFilter(ApplicationFilterChain.java:189) ~[tomcat-embed-core-9.0.56.jar:9.0.56]
	at org.apache.catalina.core.ApplicationFilterChain.doFilter(ApplicationFilterChain.java:162) ~[tomcat-embed-core-9.0.56.jar:9.0.56]
	at org.springframework.web.filter.FormContentFilter.doFilterInternal(FormContentFilter.java:93) ~[spring-web-5.3.15.jar:5.3.15]
	at org.springframework.web.filter.OncePerRequestFilter.doFilter(OncePerRequestFilter.java:117) ~[spring-web-5.3.15.jar:5.3.15]
	at org.apache.catalina.core.ApplicationFilterChain.internalDoFilter(ApplicationFilterChain.java:189) ~[tomcat-embed-core-9.0.56.jar:9.0.56]
	at org.apache.catalina.core.ApplicationFilterChain.doFilter(ApplicationFilterChain.java:162) ~[tomcat-embed-core-9.0.56.jar:9.0.56]
	at org.springframework.cloud.sleuth.instrument.web.servlet.TracingFilter.doFilter(TracingFilter.java:68) ~[spring-cloud-sleuth-instrumentation-3.1.0.jar:3.1.0]
	at org.springframework.cloud.sleuth.autoconfig.instrument.web.TraceWebServletConfiguration$LazyTracingFilter.doFilter(TraceWebServletConfiguration.java:129) ~[spring-cloud-sleuth-autoconfigure-3.1.0.jar:3.1.0]
	at org.apache.catalina.core.ApplicationFilterChain.internalDoFilter(ApplicationFilterChain.java:189) ~[tomcat-embed-core-9.0.56.jar:9.0.56]
	at org.apache.catalina.core.ApplicationFilterChain.doFilter(ApplicationFilterChain.java:162) ~[tomcat-embed-core-9.0.56.jar:9.0.56]
	at org.springframework.web.filter.CharacterEncodingFilter.doFilterInternal(CharacterEncodingFilter.java:201) ~[spring-web-5.3.15.jar:5.3.15]
	at org.springframework.web.filter.OncePerRequestFilter.doFilter(OncePerRequestFilter.java:117) ~[spring-web-5.3.15.jar:5.3.15]
	at org.apache.catalina.core.ApplicationFilterChain.internalDoFilter(ApplicationFilterChain.java:189) ~[tomcat-embed-core-9.0.56.jar:9.0.56]
	at org.apache.catalina.core.ApplicationFilterChain.doFilter(ApplicationFilterChain.java:162) ~[tomcat-embed-core-9.0.56.jar:9.0.56]
	at org.apache.catalina.core.StandardWrapperValve.invoke(StandardWrapperValve.java:197) ~[tomcat-embed-core-9.0.56.jar:9.0.56]
	at org.apache.catalina.core.StandardContextValve.invoke(StandardContextValve.java:97) ~[tomcat-embed-core-9.0.56.jar:9.0.56]
	at org.apache.catalina.authenticator.AuthenticatorBase.invoke(AuthenticatorBase.java:540) ~[tomcat-embed-core-9.0.56.jar:9.0.56]
	at org.apache.catalina.core.StandardHostValve.invoke(StandardHostValve.java:135) ~[tomcat-embed-core-9.0.56.jar:9.0.56]
	at org.apache.catalina.valves.ErrorReportValve.invoke(ErrorReportValve.java:92) ~[tomcat-embed-core-9.0.56.jar:9.0.56]
	at org.apache.catalina.core.StandardEngineValve.invoke(StandardEngineValve.java:78) ~[tomcat-embed-core-9.0.56.jar:9.0.56]
	at org.springframework.cloud.sleuth.instrument.web.tomcat.TraceValve.invoke(TraceValve.java:74) ~[spring-cloud-sleuth-instrumentation-3.1.0.jar:3.1.0]
	at org.apache.catalina.connector.CoyoteAdapter.service(CoyoteAdapter.java:357) ~[tomcat-embed-core-9.0.56.jar:9.0.56]
	at org.apache.coyote.http11.Http11Processor.service(Http11Processor.java:382) ~[tomcat-embed-core-9.0.56.jar:9.0.56]
	at org.apache.coyote.AbstractProcessorLight.process(AbstractProcessorLight.java:65) ~[tomcat-embed-core-9.0.56.jar:9.0.56]
	at org.apache.coyote.AbstractProtocol$ConnectionHandler.process(AbstractProtocol.java:895) ~[tomcat-embed-core-9.0.56.jar:9.0.56]
	at org.apache.tomcat.util.net.NioEndpoint$SocketProcessor.doRun(NioEndpoint.java:1732) ~[tomcat-embed-core-9.0.56.jar:9.0.56]
	at org.apache.tomcat.util.net.SocketProcessorBase.run(SocketProcessorBase.java:49) ~[tomcat-embed-core-9.0.56.jar:9.0.56]
	at org.apache.tomcat.util.threads.ThreadPoolExecutor.runWorker(ThreadPoolExecutor.java:1191) ~[tomcat-embed-core-9.0.56.jar:9.0.56]
	at org.apache.tomcat.util.threads.ThreadPoolExecutor$Worker.run(ThreadPoolExecutor.java:659) ~[tomcat-embed-core-9.0.56.jar:9.0.56]
	at org.apache.tomcat.util.threads.TaskThread$WrappingRunnable.run(TaskThread.java:61) ~[tomcat-embed-core-9.0.56.jar:9.0.56]
	at java.base/java.lang.Thread.run(Thread.java:833) ~[na:na]

2022-02-16 15:24:57.557  INFO [service-auth,,] 12684 --- [main] o.s.b.context.config.ConfigDataLoader    : Fetching config from server at : http://192.168.1.107:8888
2022-02-16 15:24:57.561  INFO [service-auth,,] 12684 --- [main] o.s.b.context.config.ConfigDataLoader    : Located environment: name=service-auth, profiles=[default], label=null, version=null, state=null
2022-02-16 15:25:05.524  INFO [service-auth,,] 12684 --- [main] o.s.b.w.embedded.tomcat.TomcatWebServer  : Tomcat initialized with port(s): 8091 (http)
2022-02-16 15:25:06.329  INFO [service-auth,,] 12684 --- [main] w.s.c.ServletWebServerApplicationContext : Root WebApplicationContext: initialization completed in 8766 ms
2022-02-16 15:25:15.235  WARN [service-auth,,] 12684 --- [main] JpaBaseConfiguration$JpaWebConfiguration : spring.jpa.open-in-view is enabled by default. Therefore, database queries may be performed during view rendering. Explicitly configure spring.jpa.open-in-view to disable this warning
2022-02-16 15:25:20.378  INFO [service-auth,,] 12684 --- [main] o.s.b.w.embedded.tomcat.TomcatWebServer  : Tomcat started on port(s): 8091 (http) with context path ''
2022-02-16 15:29:14.000  INFO [service-auth,,] 1776 --- [main] o.s.b.context.config.ConfigDataLoader    : Fetching config from server at : http://192.168.1.107:8888
2022-02-16 15:29:14.010  INFO [service-auth,,] 1776 --- [main] o.s.b.context.config.ConfigDataLoader    : Located environment: name=service-auth, profiles=[default], label=null, version=null, state=null
2022-02-16 15:29:26.070  INFO [service-auth,,] 1776 --- [main] o.s.b.w.embedded.tomcat.TomcatWebServer  : Tomcat initialized with port(s): 8091 (http)
2022-02-16 15:29:26.783  INFO [service-auth,,] 1776 --- [main] w.s.c.ServletWebServerApplicationContext : Root WebApplicationContext: initialization completed in 12768 ms
2022-02-16 15:29:39.446  WARN [service-auth,,] 1776 --- [main] JpaBaseConfiguration$JpaWebConfiguration : spring.jpa.open-in-view is enabled by default. Therefore, database queries may be performed during view rendering. Explicitly configure spring.jpa.open-in-view to disable this warning
2022-02-16 15:29:50.926  INFO [service-auth,,] 1776 --- [main] o.s.b.w.embedded.tomcat.TomcatWebServer  : Tomcat started on port(s): 8091 (http) with context path ''
2022-02-16 15:32:27.114  INFO [service-auth,,] 1524 --- [main] o.s.b.context.config.ConfigDataLoader    : Fetching config from server at : http://192.168.1.107:8888
2022-02-16 15:32:27.122  INFO [service-auth,,] 1524 --- [main] o.s.b.context.config.ConfigDataLoader    : Located environment: name=service-auth, profiles=[default], label=null, version=null, state=null
2022-02-16 15:32:38.062  INFO [service-auth,,] 1524 --- [main] o.s.b.w.embedded.tomcat.TomcatWebServer  : Tomcat initialized with port(s): 8091 (http)
2022-02-16 15:32:38.972  INFO [service-auth,,] 1524 --- [main] w.s.c.ServletWebServerApplicationContext : Root WebApplicationContext: initialization completed in 11846 ms
2022-02-16 15:32:50.519  WARN [service-auth,,] 1524 --- [main] JpaBaseConfiguration$JpaWebConfiguration : spring.jpa.open-in-view is enabled by default. Therefore, database queries may be performed during view rendering. Explicitly configure spring.jpa.open-in-view to disable this warning
2022-02-16 15:32:56.007  INFO [service-auth,,] 1524 --- [main] o.s.b.w.embedded.tomcat.TomcatWebServer  : Tomcat started on port(s): 8091 (http) with context path ''
2022-02-16 16:19:57.000  INFO [service-auth,,] 10600 --- [main] o.s.b.context.config.ConfigDataLoader    : Fetching config from server at : http://192.168.1.107:8888
2022-02-16 16:19:57.004  INFO [service-auth,,] 10600 --- [main] o.s.b.context.config.ConfigDataLoader    : Located environment: name=service-auth, profiles=[default], label=null, version=null, state=null
2022-02-16 16:20:03.734  INFO [service-auth,,] 10600 --- [main] o.s.b.w.embedded.tomcat.TomcatWebServer  : Tomcat initialized with port(s): 8091 (http)
2022-02-16 16:20:04.135  INFO [service-auth,,] 10600 --- [main] w.s.c.ServletWebServerApplicationContext : Root WebApplicationContext: initialization completed in 7129 ms
2022-02-16 16:20:14.292  WARN [service-auth,,] 10600 --- [main] JpaBaseConfiguration$JpaWebConfiguration : spring.jpa.open-in-view is enabled by default. Therefore, database queries may be performed during view rendering. Explicitly configure spring.jpa.open-in-view to disable this warning
2022-02-16 16:20:24.038  INFO [service-auth,,] 10600 --- [main] o.s.b.w.embedded.tomcat.TomcatWebServer  : Tomcat started on port(s): 8091 (http) with context path ''
2022-02-16 16:30:23.207  INFO [service-auth,,] 3936 --- [main] o.s.b.context.config.ConfigDataLoader    : Fetching config from server at : http://192.168.1.107:8888
2022-02-16 16:30:23.220  INFO [service-auth,,] 3936 --- [main] o.s.b.context.config.ConfigDataLoader    : Located environment: name=service-auth, profiles=[default], label=null, version=null, state=null
2022-02-16 16:30:34.439  INFO [service-auth,,] 3936 --- [main] o.s.b.w.embedded.tomcat.TomcatWebServer  : Tomcat initialized with port(s): 8091 (http)
2022-02-16 16:30:35.313  INFO [service-auth,,] 3936 --- [main] w.s.c.ServletWebServerApplicationContext : Root WebApplicationContext: initialization completed in 12084 ms
2022-02-16 16:30:47.683  WARN [service-auth,,] 3936 --- [main] JpaBaseConfiguration$JpaWebConfiguration : spring.jpa.open-in-view is enabled by default. Therefore, database queries may be performed during view rendering. Explicitly configure spring.jpa.open-in-view to disable this warning
2022-02-16 16:30:57.906  INFO [service-auth,,] 3936 --- [main] o.s.b.w.embedded.tomcat.TomcatWebServer  : Tomcat started on port(s): 8091 (http) with context path ''
2022-02-16 16:57:28.231  INFO [service-auth,,] 1624 --- [main] o.s.b.context.config.ConfigDataLoader    : Fetching config from server at : http://192.168.1.107:8888
2022-02-16 16:57:28.292  INFO [service-auth,,] 1624 --- [main] o.s.b.context.config.ConfigDataLoader    : Located environment: name=service-auth, profiles=[default], label=null, version=null, state=null
2022-02-16 16:57:38.658  INFO [service-auth,,] 1624 --- [main] o.s.b.w.embedded.tomcat.TomcatWebServer  : Tomcat initialized with port(s): 8091 (http)
2022-02-16 16:57:40.137  INFO [service-auth,,] 1624 --- [main] w.s.c.ServletWebServerApplicationContext : Root WebApplicationContext: initialization completed in 11836 ms
2022-02-16 16:57:46.803  WARN [service-auth,,] 1624 --- [main] JpaBaseConfiguration$JpaWebConfiguration : spring.jpa.open-in-view is enabled by default. Therefore, database queries may be performed during view rendering. Explicitly configure spring.jpa.open-in-view to disable this warning
2022-02-16 16:57:51.188  INFO [service-auth,,] 1624 --- [main] o.s.b.w.embedded.tomcat.TomcatWebServer  : Tomcat started on port(s): 8091 (http) with context path ''
2022-02-16 17:35:48.816  INFO [service-auth,,] 7600 --- [main] o.s.b.context.config.ConfigDataLoader    : Fetching config from server at : http://192.168.1.107:8888
2022-02-16 17:35:48.824  INFO [service-auth,,] 7600 --- [main] o.s.b.context.config.ConfigDataLoader    : Located environment: name=service-auth, profiles=[default], label=null, version=null, state=null
2022-02-16 17:35:56.705  INFO [service-auth,,] 7600 --- [main] o.s.b.w.embedded.tomcat.TomcatWebServer  : Tomcat initialized with port(s): 8091 (http)
2022-02-16 17:35:57.285  INFO [service-auth,,] 7600 --- [main] w.s.c.ServletWebServerApplicationContext : Root WebApplicationContext: initialization completed in 8455 ms
2022-02-16 17:36:05.052  WARN [service-auth,,] 7600 --- [main] JpaBaseConfiguration$JpaWebConfiguration : spring.jpa.open-in-view is enabled by default. Therefore, database queries may be performed during view rendering. Explicitly configure spring.jpa.open-in-view to disable this warning
2022-02-16 17:36:14.382  INFO [service-auth,,] 7600 --- [main] o.s.b.w.embedded.tomcat.TomcatWebServer  : Tomcat started on port(s): 8091 (http) with context path ''
2022-02-16 17:45:14.658  WARN [service-auth,,] 7600 --- [AMQP Connection 34.118.55.146:5672] c.r.c.impl.ForgivingExceptionHandler     : An unexpected connection driver error occurred (Exception message: Connection reset)
2022-02-16 17:50:16.990  INFO [service-auth,,] 7732 --- [main] o.s.b.context.config.ConfigDataLoader    : Fetching config from server at : http://192.168.1.107:8888
2022-02-16 17:50:17.007  INFO [service-auth,,] 7732 --- [main] o.s.b.context.config.ConfigDataLoader    : Located environment: name=service-auth, profiles=[default], label=null, version=null, state=null
2022-02-16 17:50:29.345  INFO [service-auth,,] 7732 --- [main] o.s.b.w.embedded.tomcat.TomcatWebServer  : Tomcat initialized with port(s): 8091 (http)
2022-02-16 17:50:30.017  INFO [service-auth,,] 7732 --- [main] w.s.c.ServletWebServerApplicationContext : Root WebApplicationContext: initialization completed in 13001 ms
2022-02-16 17:50:38.201  WARN [service-auth,,] 7732 --- [main] JpaBaseConfiguration$JpaWebConfiguration : spring.jpa.open-in-view is enabled by default. Therefore, database queries may be performed during view rendering. Explicitly configure spring.jpa.open-in-view to disable this warning
2022-02-16 17:50:47.750  INFO [service-auth,,] 7732 --- [main] o.s.b.w.embedded.tomcat.TomcatWebServer  : Tomcat started on port(s): 8091 (http) with context path ''
