2022-02-18 08:48:03.565  INFO [service-user,,] 16792 --- [main] o.s.b.context.config.ConfigDataLoader    : Fetching config from server at : http://192.168.1.107:8888
2022-02-18 08:48:03.574  INFO [service-user,,] 16792 --- [main] o.s.b.context.config.ConfigDataLoader    : Located environment: name=service-user, profiles=[default], label=null, version=null, state=null
2022-02-18 08:48:13.067  INFO [service-user,,] 16792 --- [main] o.s.b.w.embedded.tomcat.TomcatWebServer  : Tomcat initialized with port(s): 8090 (http)
2022-02-18 08:48:13.889  INFO [service-user,,] 16792 --- [main] w.s.c.ServletWebServerApplicationContext : Root WebApplicationContext: initialization completed in 10313 ms
2022-02-18 08:48:24.534  INFO [service-user,,] 16792 --- [main] o.s.b.w.embedded.tomcat.TomcatWebServer  : Tomcat started on port(s): 8090 (http) with context path ''
2022-02-18 08:54:58.643 ERROR [service-user,8cab6f4814e1ab9b,bde2dfe49c9b5d60] 16792 --- [http-nio-8090-exec-3] o.a.c.c.C.[.[.[/].[dispatcherServlet]    : Servlet.service() for servlet [dispatcherServlet] in context with path [] threw exception [Request processing failed; nested exception is org.springframework.dao.DataAccessResourceFailureException: Exception receiving message; nested exception is com.mongodb.MongoSocketReadException: Exception receiving message] with root cause

java.net.SocketException: Connection reset
	at java.base/sun.nio.ch.NioSocketImpl.implRead(NioSocketImpl.java:323) ~[na:na]
	at java.base/sun.nio.ch.NioSocketImpl.read(NioSocketImpl.java:350) ~[na:na]
	at java.base/sun.nio.ch.NioSocketImpl$1.read(NioSocketImpl.java:803) ~[na:na]
	at java.base/java.net.Socket$SocketInputStream.read(Socket.java:966) ~[na:na]
	at com.mongodb.internal.connection.SocketStream.read(SocketStream.java:109) ~[mongodb-driver-core-4.4.1.jar:na]
	at com.mongodb.internal.connection.SocketStream.read(SocketStream.java:131) ~[mongodb-driver-core-4.4.1.jar:na]
	at com.mongodb.internal.connection.InternalStreamConnection.receiveResponseBuffers(InternalStreamConnection.java:718) ~[mongodb-driver-core-4.4.1.jar:na]
	at com.mongodb.internal.connection.InternalStreamConnection.receiveMessageWithAdditionalTimeout(InternalStreamConnection.java:576) ~[mongodb-driver-core-4.4.1.jar:na]
	at com.mongodb.internal.connection.InternalStreamConnection.receiveCommandMessageResponse(InternalStreamConnection.java:415) ~[mongodb-driver-core-4.4.1.jar:na]
	at com.mongodb.internal.connection.InternalStreamConnection.sendAndReceive(InternalStreamConnection.java:342) ~[mongodb-driver-core-4.4.1.jar:na]
	at com.mongodb.internal.connection.UsageTrackingInternalConnection.sendAndReceive(UsageTrackingInternalConnection.java:116) ~[mongodb-driver-core-4.4.1.jar:na]
	at com.mongodb.internal.connection.DefaultConnectionPool$PooledConnection.sendAndReceive(DefaultConnectionPool.java:647) ~[mongodb-driver-core-4.4.1.jar:na]
	at com.mongodb.internal.connection.CommandProtocolImpl.execute(CommandProtocolImpl.java:71) ~[mongodb-driver-core-4.4.1.jar:na]
	at com.mongodb.internal.connection.DefaultServer$DefaultServerProtocolExecutor.execute(DefaultServer.java:244) ~[mongodb-driver-core-4.4.1.jar:na]
	at com.mongodb.internal.connection.DefaultServerConnection.executeProtocol(DefaultServerConnection.java:227) ~[mongodb-driver-core-4.4.1.jar:na]
	at com.mongodb.internal.connection.DefaultServerConnection.command(DefaultServerConnection.java:127) ~[mongodb-driver-core-4.4.1.jar:na]
	at com.mongodb.internal.connection.DefaultServer$OperationCountTrackingConnection.command(DefaultServer.java:357) ~[mongodb-driver-core-4.4.1.jar:na]
	at com.mongodb.internal.operation.MixedBulkWriteOperation.executeCommand(MixedBulkWriteOperation.java:477) ~[mongodb-driver-core-4.4.1.jar:na]
	at com.mongodb.internal.operation.MixedBulkWriteOperation.executeBulkWriteBatch(MixedBulkWriteOperation.java:339) ~[mongodb-driver-core-4.4.1.jar:na]
	at com.mongodb.internal.operation.MixedBulkWriteOperation.lambda$execute$2(MixedBulkWriteOperation.java:260) ~[mongodb-driver-core-4.4.1.jar:na]
	at com.mongodb.internal.operation.OperationHelper.lambda$withSourceAndConnection$2(OperationHelper.java:564) ~[mongodb-driver-core-4.4.1.jar:na]
	at com.mongodb.internal.operation.OperationHelper.withSuppliedResource(OperationHelper.java:589) ~[mongodb-driver-core-4.4.1.jar:na]
	at com.mongodb.internal.operation.OperationHelper.lambda$withSourceAndConnection$3(OperationHelper.java:563) ~[mongodb-driver-core-4.4.1.jar:na]
	at com.mongodb.internal.operation.OperationHelper.withSuppliedResource(OperationHelper.java:589) ~[mongodb-driver-core-4.4.1.jar:na]
	at com.mongodb.internal.operation.OperationHelper.withSourceAndConnection(OperationHelper.java:562) ~[mongodb-driver-core-4.4.1.jar:na]
	at com.mongodb.internal.operation.MixedBulkWriteOperation.lambda$execute$3(MixedBulkWriteOperation.java:232) ~[mongodb-driver-core-4.4.1.jar:na]
	at com.mongodb.internal.async.function.RetryingSyncSupplier.get(RetryingSyncSupplier.java:65) ~[mongodb-driver-core-4.4.1.jar:na]
	at com.mongodb.internal.operation.MixedBulkWriteOperation.execute(MixedBulkWriteOperation.java:268) ~[mongodb-driver-core-4.4.1.jar:na]
	at com.mongodb.internal.operation.MixedBulkWriteOperation.execute(MixedBulkWriteOperation.java:84) ~[mongodb-driver-core-4.4.1.jar:na]
	at com.mongodb.client.internal.MongoClientDelegate$DelegateOperationExecutor.execute(MongoClientDelegate.java:212) ~[mongodb-driver-sync-4.4.1.jar:na]
	at com.mongodb.client.internal.MongoCollectionImpl.executeSingleWriteRequest(MongoCollectionImpl.java:1010) ~[mongodb-driver-sync-4.4.1.jar:na]
	at com.mongodb.client.internal.MongoCollectionImpl.executeInsertOne(MongoCollectionImpl.java:471) ~[mongodb-driver-sync-4.4.1.jar:na]
	at com.mongodb.client.internal.MongoCollectionImpl.insertOne(MongoCollectionImpl.java:454) ~[mongodb-driver-sync-4.4.1.jar:na]
	at com.mongodb.client.internal.MongoCollectionImpl.insertOne(MongoCollectionImpl.java:448) ~[mongodb-driver-sync-4.4.1.jar:na]
	at org.springframework.data.mongodb.core.MongoTemplate.lambda$insertDocument$16(MongoTemplate.java:1465) ~[spring-data-mongodb-3.3.1.jar:3.3.1]
	at org.springframework.data.mongodb.core.MongoTemplate.execute(MongoTemplate.java:555) ~[spring-data-mongodb-3.3.1.jar:3.3.1]
	at org.springframework.data.mongodb.core.MongoTemplate.insertDocument(MongoTemplate.java:1459) ~[spring-data-mongodb-3.3.1.jar:3.3.1]
	at org.springframework.data.mongodb.core.MongoTemplate.doInsert(MongoTemplate.java:1259) ~[spring-data-mongodb-3.3.1.jar:3.3.1]
	at org.springframework.data.mongodb.core.MongoTemplate.insert(MongoTemplate.java:1174) ~[spring-data-mongodb-3.3.1.jar:3.3.1]
	at org.springframework.data.mongodb.repository.support.SimpleMongoRepository.save(SimpleMongoRepository.java:95) ~[spring-data-mongodb-3.3.1.jar:3.3.1]
	at java.base/jdk.internal.reflect.NativeMethodAccessorImpl.invoke0(Native Method) ~[na:na]
	at java.base/jdk.internal.reflect.NativeMethodAccessorImpl.invoke(NativeMethodAccessorImpl.java:77) ~[na:na]
	at java.base/jdk.internal.reflect.DelegatingMethodAccessorImpl.invoke(DelegatingMethodAccessorImpl.java:43) ~[na:na]
	at java.base/java.lang.reflect.Method.invoke(Method.java:568) ~[na:na]
	at org.springframework.data.repository.core.support.RepositoryMethodInvoker$RepositoryFragmentMethodInvoker.lambda$new$0(RepositoryMethodInvoker.java:289) ~[spring-data-commons-2.6.1.jar:2.6.1]
	at org.springframework.data.repository.core.support.RepositoryMethodInvoker.doInvoke(RepositoryMethodInvoker.java:137) ~[spring-data-commons-2.6.1.jar:2.6.1]
	at org.springframework.data.repository.core.support.RepositoryMethodInvoker.invoke(RepositoryMethodInvoker.java:121) ~[spring-data-commons-2.6.1.jar:2.6.1]
	at org.springframework.data.repository.core.support.RepositoryComposition$RepositoryFragments.invoke(RepositoryComposition.java:529) ~[spring-data-commons-2.6.1.jar:2.6.1]
	at org.springframework.data.repository.core.support.RepositoryComposition.invoke(RepositoryComposition.java:285) ~[spring-data-commons-2.6.1.jar:2.6.1]
	at org.springframework.data.repository.core.support.RepositoryFactorySupport$ImplementationMethodExecutionInterceptor.invoke(RepositoryFactorySupport.java:639) ~[spring-data-commons-2.6.1.jar:2.6.1]
	at org.springframework.aop.framework.ReflectiveMethodInvocation.proceed(ReflectiveMethodInvocation.java:186) ~[spring-aop-5.3.15.jar:5.3.15]
	at org.springframework.data.repository.core.support.QueryExecutorMethodInterceptor.doInvoke(QueryExecutorMethodInterceptor.java:163) ~[spring-data-commons-2.6.1.jar:2.6.1]
	at org.springframework.data.repository.core.support.QueryExecutorMethodInterceptor.invoke(QueryExecutorMethodInterceptor.java:138) ~[spring-data-commons-2.6.1.jar:2.6.1]
	at org.springframework.aop.framework.ReflectiveMethodInvocation.proceed(ReflectiveMethodInvocation.java:186) ~[spring-aop-5.3.15.jar:5.3.15]
	at org.springframework.data.projection.DefaultMethodInvokingMethodInterceptor.invoke(DefaultMethodInvokingMethodInterceptor.java:80) ~[spring-data-commons-2.6.1.jar:2.6.1]
	at org.springframework.aop.framework.ReflectiveMethodInvocation.proceed(ReflectiveMethodInvocation.java:186) ~[spring-aop-5.3.15.jar:5.3.15]
	at org.springframework.aop.interceptor.ExposeInvocationInterceptor.invoke(ExposeInvocationInterceptor.java:97) ~[spring-aop-5.3.15.jar:5.3.15]
	at org.springframework.aop.framework.ReflectiveMethodInvocation.proceed(ReflectiveMethodInvocation.java:186) ~[spring-aop-5.3.15.jar:5.3.15]
	at org.springframework.aop.framework.JdkDynamicAopProxy.invoke(JdkDynamicAopProxy.java:215) ~[spring-aop-5.3.15.jar:5.3.15]
	at jdk.proxy2/jdk.proxy2.$Proxy113.save(Unknown Source) ~[na:na]
	at java.base/jdk.internal.reflect.NativeMethodAccessorImpl.invoke0(Native Method) ~[na:na]
	at java.base/jdk.internal.reflect.NativeMethodAccessorImpl.invoke(NativeMethodAccessorImpl.java:77) ~[na:na]
	at java.base/jdk.internal.reflect.DelegatingMethodAccessorImpl.invoke(DelegatingMethodAccessorImpl.java:43) ~[na:na]
	at java.base/java.lang.reflect.Method.invoke(Method.java:568) ~[na:na]
	at org.springframework.aop.support.AopUtils.invokeJoinpointUsingReflection(AopUtils.java:344) ~[spring-aop-5.3.15.jar:5.3.15]
	at org.springframework.aop.framework.ReflectiveMethodInvocation.invokeJoinpoint(ReflectiveMethodInvocation.java:198) ~[spring-aop-5.3.15.jar:5.3.15]
	at org.springframework.aop.framework.ReflectiveMethodInvocation.proceed(ReflectiveMethodInvocation.java:163) ~[spring-aop-5.3.15.jar:5.3.15]
	at org.springframework.dao.support.PersistenceExceptionTranslationInterceptor.invoke(PersistenceExceptionTranslationInterceptor.java:137) ~[spring-tx-5.3.15.jar:5.3.15]
	at org.springframework.aop.framework.ReflectiveMethodInvocation.proceed(ReflectiveMethodInvocation.java:186) ~[spring-aop-5.3.15.jar:5.3.15]
	at org.springframework.aop.framework.JdkDynamicAopProxy.invoke(JdkDynamicAopProxy.java:215) ~[spring-aop-5.3.15.jar:5.3.15]
	at jdk.proxy2/jdk.proxy2.$Proxy113.save(Unknown Source) ~[na:na]
	at com.aliergul.socialmedia.service.ProfileService.save(ProfileService.java:19) ~[main/:na]
	at com.aliergul.socialmedia.controller.ProfileController.save(ProfileController.java:29) ~[main/:na]
	at java.base/jdk.internal.reflect.NativeMethodAccessorImpl.invoke0(Native Method) ~[na:na]
	at java.base/jdk.internal.reflect.NativeMethodAccessorImpl.invoke(NativeMethodAccessorImpl.java:77) ~[na:na]
	at java.base/jdk.internal.reflect.DelegatingMethodAccessorImpl.invoke(DelegatingMethodAccessorImpl.java:43) ~[na:na]
	at java.base/java.lang.reflect.Method.invoke(Method.java:568) ~[na:na]
	at org.springframework.web.method.support.InvocableHandlerMethod.doInvoke(InvocableHandlerMethod.java:205) ~[spring-web-5.3.15.jar:5.3.15]
	at org.springframework.web.method.support.InvocableHandlerMethod.invokeForRequest(InvocableHandlerMethod.java:150) ~[spring-web-5.3.15.jar:5.3.15]
	at org.springframework.web.servlet.mvc.method.annotation.ServletInvocableHandlerMethod.invokeAndHandle(ServletInvocableHandlerMethod.java:117) ~[spring-webmvc-5.3.15.jar:5.3.15]
	at org.springframework.web.servlet.mvc.method.annotation.RequestMappingHandlerAdapter.invokeHandlerMethod(RequestMappingHandlerAdapter.java:895) ~[spring-webmvc-5.3.15.jar:5.3.15]
	at org.springframework.web.servlet.mvc.method.annotation.RequestMappingHandlerAdapter.handleInternal(RequestMappingHandlerAdapter.java:808) ~[spring-webmvc-5.3.15.jar:5.3.15]
	at org.springframework.web.servlet.mvc.method.AbstractHandlerMethodAdapter.handle(AbstractHandlerMethodAdapter.java:87) ~[spring-webmvc-5.3.15.jar:5.3.15]
	at org.springframework.web.servlet.DispatcherServlet.doDispatch(DispatcherServlet.java:1067) ~[spring-webmvc-5.3.15.jar:5.3.15]
	at org.springframework.web.servlet.DispatcherServlet.doService(DispatcherServlet.java:963) ~[spring-webmvc-5.3.15.jar:5.3.15]
	at org.springframework.web.servlet.FrameworkServlet.processRequest(FrameworkServlet.java:1006) ~[spring-webmvc-5.3.15.jar:5.3.15]
	at org.springframework.web.servlet.FrameworkServlet.doPost(FrameworkServlet.java:909) ~[spring-webmvc-5.3.15.jar:5.3.15]
	at javax.servlet.http.HttpServlet.service(HttpServlet.java:681) ~[tomcat-embed-core-9.0.56.jar:4.0.FR]
	at org.springframework.web.servlet.FrameworkServlet.service(FrameworkServlet.java:883) ~[spring-webmvc-5.3.15.jar:5.3.15]
	at javax.servlet.http.HttpServlet.service(HttpServlet.java:764) ~[tomcat-embed-core-9.0.56.jar:4.0.FR]
	at org.apache.catalina.core.ApplicationFilterChain.internalDoFilter(ApplicationFilterChain.java:227) ~[tomcat-embed-core-9.0.56.jar:9.0.56]
	at org.apache.catalina.core.ApplicationFilterChain.doFilter(ApplicationFilterChain.java:162) ~[tomcat-embed-core-9.0.56.jar:9.0.56]
	at org.apache.tomcat.websocket.server.WsFilter.doFilter(WsFilter.java:53) ~[tomcat-embed-websocket-9.0.56.jar:9.0.56]
	at org.apache.catalina.core.ApplicationFilterChain.internalDoFilter(ApplicationFilterChain.java:189) ~[tomcat-embed-core-9.0.56.jar:9.0.56]
	at org.apache.catalina.core.ApplicationFilterChain.doFilter(ApplicationFilterChain.java:162) ~[tomcat-embed-core-9.0.56.jar:9.0.56]
	at org.springframework.web.filter.RequestContextFilter.doFilterInternal(RequestContextFilter.java:100) ~[spring-web-5.3.15.jar:5.3.15]
	at org.springframework.web.filter.OncePerRequestFilter.doFilter(OncePerRequestFilter.java:117) ~[spring-web-5.3.15.jar:5.3.15]
	at org.apache.catalina.core.ApplicationFilterChain.internalDoFilter(ApplicationFilterChain.java:189) ~[tomcat-embed-core-9.0.56.jar:9.0.56]
	at org.apache.catalina.core.ApplicationFilterChain.doFilter(ApplicationFilterChain.java:162) ~[tomcat-embed-core-9.0.56.jar:9.0.56]
	at org.springframework.web.filter.FormContentFilter.doFilterInternal(FormContentFilter.java:93) ~[spring-web-5.3.15.jar:5.3.15]
	at org.springframework.web.filter.OncePerRequestFilter.doFilter(OncePerRequestFilter.java:117) ~[spring-web-5.3.15.jar:5.3.15]
	at org.apache.catalina.core.ApplicationFilterChain.internalDoFilter(ApplicationFilterChain.java:189) ~[tomcat-embed-core-9.0.56.jar:9.0.56]
	at org.apache.catalina.core.ApplicationFilterChain.doFilter(ApplicationFilterChain.java:162) ~[tomcat-embed-core-9.0.56.jar:9.0.56]
	at org.springframework.cloud.sleuth.instrument.web.servlet.TracingFilter.doFilter(TracingFilter.java:68) ~[spring-cloud-sleuth-instrumentation-3.1.0.jar:3.1.0]
	at org.springframework.cloud.sleuth.autoconfig.instrument.web.TraceWebServletConfiguration$LazyTracingFilter.doFilter(TraceWebServletConfiguration.java:129) ~[spring-cloud-sleuth-autoconfigure-3.1.0.jar:3.1.0]
	at org.apache.catalina.core.ApplicationFilterChain.internalDoFilter(ApplicationFilterChain.java:189) ~[tomcat-embed-core-9.0.56.jar:9.0.56]
	at org.apache.catalina.core.ApplicationFilterChain.doFilter(ApplicationFilterChain.java:162) ~[tomcat-embed-core-9.0.56.jar:9.0.56]
	at org.springframework.web.filter.CharacterEncodingFilter.doFilterInternal(CharacterEncodingFilter.java:201) ~[spring-web-5.3.15.jar:5.3.15]
	at org.springframework.web.filter.OncePerRequestFilter.doFilter(OncePerRequestFilter.java:117) ~[spring-web-5.3.15.jar:5.3.15]
	at org.apache.catalina.core.ApplicationFilterChain.internalDoFilter(ApplicationFilterChain.java:189) ~[tomcat-embed-core-9.0.56.jar:9.0.56]
	at org.apache.catalina.core.ApplicationFilterChain.doFilter(ApplicationFilterChain.java:162) ~[tomcat-embed-core-9.0.56.jar:9.0.56]
	at org.apache.catalina.core.StandardWrapperValve.invoke(StandardWrapperValve.java:197) ~[tomcat-embed-core-9.0.56.jar:9.0.56]
	at org.apache.catalina.core.StandardContextValve.invoke(StandardContextValve.java:97) ~[tomcat-embed-core-9.0.56.jar:9.0.56]
	at org.apache.catalina.authenticator.AuthenticatorBase.invoke(AuthenticatorBase.java:540) ~[tomcat-embed-core-9.0.56.jar:9.0.56]
	at org.apache.catalina.core.StandardHostValve.invoke(StandardHostValve.java:135) ~[tomcat-embed-core-9.0.56.jar:9.0.56]
	at org.apache.catalina.valves.ErrorReportValve.invoke(ErrorReportValve.java:92) ~[tomcat-embed-core-9.0.56.jar:9.0.56]
	at org.apache.catalina.core.StandardEngineValve.invoke(StandardEngineValve.java:78) ~[tomcat-embed-core-9.0.56.jar:9.0.56]
	at org.springframework.cloud.sleuth.instrument.web.tomcat.TraceValve.invoke(TraceValve.java:74) ~[spring-cloud-sleuth-instrumentation-3.1.0.jar:3.1.0]
	at org.apache.catalina.connector.CoyoteAdapter.service(CoyoteAdapter.java:357) ~[tomcat-embed-core-9.0.56.jar:9.0.56]
	at org.apache.coyote.http11.Http11Processor.service(Http11Processor.java:382) ~[tomcat-embed-core-9.0.56.jar:9.0.56]
	at org.apache.coyote.AbstractProcessorLight.process(AbstractProcessorLight.java:65) ~[tomcat-embed-core-9.0.56.jar:9.0.56]
	at org.apache.coyote.AbstractProtocol$ConnectionHandler.process(AbstractProtocol.java:895) ~[tomcat-embed-core-9.0.56.jar:9.0.56]
	at org.apache.tomcat.util.net.NioEndpoint$SocketProcessor.doRun(NioEndpoint.java:1732) ~[tomcat-embed-core-9.0.56.jar:9.0.56]
	at org.apache.tomcat.util.net.SocketProcessorBase.run(SocketProcessorBase.java:49) ~[tomcat-embed-core-9.0.56.jar:9.0.56]
	at org.apache.tomcat.util.threads.ThreadPoolExecutor.runWorker(ThreadPoolExecutor.java:1191) ~[tomcat-embed-core-9.0.56.jar:9.0.56]
	at org.apache.tomcat.util.threads.ThreadPoolExecutor$Worker.run(ThreadPoolExecutor.java:659) ~[tomcat-embed-core-9.0.56.jar:9.0.56]
	at org.apache.tomcat.util.threads.TaskThread$WrappingRunnable.run(TaskThread.java:61) ~[tomcat-embed-core-9.0.56.jar:9.0.56]
	at java.base/java.lang.Thread.run(Thread.java:833) ~[na:na]

2022-02-18 09:30:04.375  INFO [service-user,,] 18384 --- [main] o.s.b.context.config.ConfigDataLoader    : Fetching config from server at : http://192.168.1.107:8888
2022-02-18 09:30:04.378  INFO [service-user,,] 18384 --- [main] o.s.b.context.config.ConfigDataLoader    : Located environment: name=service-user, profiles=[default], label=null, version=null, state=null
2022-02-18 09:30:11.036  INFO [service-user,,] 18384 --- [main] o.s.b.w.embedded.tomcat.TomcatWebServer  : Tomcat initialized with port(s): 8090 (http)
2022-02-18 09:30:11.716  INFO [service-user,,] 18384 --- [main] w.s.c.ServletWebServerApplicationContext : Root WebApplicationContext: initialization completed in 7336 ms
2022-02-18 09:30:24.108  INFO [service-user,,] 18384 --- [main] o.s.b.w.embedded.tomcat.TomcatWebServer  : Tomcat started on port(s): 8090 (http) with context path ''
2022-02-18 11:04:31.069  INFO [service-user,,] 16488 --- [main] o.s.b.context.config.ConfigDataLoader    : Fetching config from server at : http://192.168.1.107:8888
2022-02-18 11:04:31.074  INFO [service-user,,] 16488 --- [main] o.s.b.context.config.ConfigDataLoader    : Located environment: name=service-user, profiles=[default], label=null, version=null, state=null
2022-02-18 11:04:38.655  INFO [service-user,,] 16488 --- [main] o.s.b.w.embedded.tomcat.TomcatWebServer  : Tomcat initialized with port(s): 8090 (http)
2022-02-18 11:04:39.110  INFO [service-user,,] 16488 --- [main] w.s.c.ServletWebServerApplicationContext : Root WebApplicationContext: initialization completed in 8032 ms
2022-02-18 11:04:52.503  INFO [service-user,,] 16488 --- [main] o.s.b.w.embedded.tomcat.TomcatWebServer  : Tomcat started on port(s): 8090 (http) with context path ''
2022-02-18 11:10:56.940  INFO [service-user,,] 1504 --- [main] o.s.b.context.config.ConfigDataLoader    : Fetching config from server at : http://192.168.1.107:8888
2022-02-18 11:10:56.947  INFO [service-user,,] 1504 --- [main] o.s.b.context.config.ConfigDataLoader    : Located environment: name=service-user, profiles=[default], label=null, version=null, state=null
2022-02-18 11:11:04.201  INFO [service-user,,] 1504 --- [main] o.s.b.w.embedded.tomcat.TomcatWebServer  : Tomcat initialized with port(s): 8090 (http)
2022-02-18 11:11:04.714  INFO [service-user,,] 1504 --- [main] w.s.c.ServletWebServerApplicationContext : Root WebApplicationContext: initialization completed in 7762 ms
2022-02-18 11:11:16.019  INFO [service-user,,] 1504 --- [main] o.s.b.w.embedded.tomcat.TomcatWebServer  : Tomcat started on port(s): 8090 (http) with context path ''
